ARM GAS  C:\Users\EDTRIC~1\AppData\Local\Temp\cczT3f3V.s 			page 1


   1              		.syntax unified
   2              		.cpu cortex-m3
   3              		.fpu softvfp
   4              		.eabi_attribute 20, 1
   5              		.eabi_attribute 21, 1
   6              		.eabi_attribute 23, 3
   7              		.eabi_attribute 24, 1
   8              		.eabi_attribute 25, 1
   9              		.eabi_attribute 26, 1
  10              		.eabi_attribute 30, 1
  11              		.eabi_attribute 34, 1
  12              		.eabi_attribute 18, 4
  13              		.thumb
  14              		.file	"cymetadata.c"
  15              		.text
  16              	.Ltext0:
  17              		.cfi_sections	.debug_frame
  18              		.global	cy_metadata
  19              		.global	cy_meta_flashprotect
  20              		.global	cy_meta_wonvl
  21              		.global	cy_meta_custnvl
  22              		.global	cy_meta_configecc
  23              		.section	.cyconfigecc,"a",%progbits
  24              		.align	2
  25              		.type	cy_meta_configecc, %object
  26              		.size	cy_meta_configecc, 1464
  27              	cy_meta_configecc:
  28 0000 07       		.byte	7
  29 0001 52       		.byte	82
  30 0002 00       		.byte	0
  31 0003 40       		.byte	64
  32 0004 02       		.byte	2
  33 0005 64       		.byte	100
  34 0006 00       		.byte	0
  35 0007 40       		.byte	64
  36 0008 02       		.byte	2
  37 0009 65       		.byte	101
  38 000a 00       		.byte	0
  39 000b 40       		.byte	64
  40 000c 12       		.byte	18
  41 000d 04       		.byte	4
  42 000e 01       		.byte	1
  43 000f 40       		.byte	64
  44 0010 2D       		.byte	45
  45 0011 05       		.byte	5
  46 0012 01       		.byte	1
  47 0013 40       		.byte	64
  48 0014 56       		.byte	86
  49 0015 06       		.byte	6
  50 0016 01       		.byte	1
  51 0017 40       		.byte	64
  52 0018 48       		.byte	72
  53 0019 07       		.byte	7
  54 001a 01       		.byte	1
  55 001b 40       		.byte	64
  56 001c 55       		.byte	85
  57 001d 14       		.byte	20
ARM GAS  C:\Users\EDTRIC~1\AppData\Local\Temp\cczT3f3V.s 			page 2


  58 001e 01       		.byte	1
  59 001f 40       		.byte	64
  60 0020 48       		.byte	72
  61 0021 15       		.byte	21
  62 0022 01       		.byte	1
  63 0023 40       		.byte	64
  64 0024 08       		.byte	8
  65 0025 16       		.byte	22
  66 0026 01       		.byte	1
  67 0027 40       		.byte	64
  68 0028 52       		.byte	82
  69 0029 17       		.byte	23
  70 002a 01       		.byte	1
  71 002b 40       		.byte	64
  72 002c 02       		.byte	2
  73 002d 19       		.byte	25
  74 002e 01       		.byte	1
  75 002f 40       		.byte	64
  76 0030 03       		.byte	3
  77 0031 1B       		.byte	27
  78 0032 01       		.byte	1
  79 0033 40       		.byte	64
  80 0034 02       		.byte	2
  81 0035 42       		.byte	66
  82 0036 01       		.byte	1
  83 0037 40       		.byte	64
  84 0038 01       		.byte	1
  85 0039 43       		.byte	67
  86 003a 01       		.byte	1
  87 003b 40       		.byte	64
  88 003c 09       		.byte	9
  89 003d 48       		.byte	72
  90 003e 01       		.byte	1
  91 003f 40       		.byte	64
  92 0040 1E       		.byte	30
  93 0041 49       		.byte	73
  94 0042 01       		.byte	1
  95 0043 40       		.byte	64
  96 0044 0A       		.byte	10
  97 0045 4C       		.byte	76
  98 0046 01       		.byte	1
  99 0047 40       		.byte	64
 100 0048 05       		.byte	5
 101 0049 4D       		.byte	77
 102 004a 01       		.byte	1
 103 004b 40       		.byte	64
 104 004c 04       		.byte	4
 105 004d 50       		.byte	80
 106 004e 01       		.byte	1
 107 004f 40       		.byte	64
 108 0050 01       		.byte	1
 109 0051 51       		.byte	81
 110 0052 01       		.byte	1
 111 0053 40       		.byte	64
 112 0054 18       		.byte	24
 113 0055 60       		.byte	96
 114 0056 19       		.byte	25
ARM GAS  C:\Users\EDTRIC~1\AppData\Local\Temp\cczT3f3V.s 			page 3


 115 0057 40       		.byte	64
 116 0058 60       		.byte	96
 117 0059 02       		.byte	2
 118 005a 64       		.byte	100
 119 005b 03       		.byte	3
 120 005c 78       		.byte	120
 121 005d 08       		.byte	8
 122 005e 79       		.byte	121
 123 005f 08       		.byte	8
 124 0060 7C       		.byte	124
 125 0061 04       		.byte	4
 126 0062 85       		.byte	-123
 127 0063 72       		.byte	114
 128 0064 87       		.byte	-121
 129 0065 0F       		.byte	15
 130 0066 84       		.byte	-124
 131 0067 38       		.byte	56
 132 0068 86       		.byte	-122
 133 0069 0F       		.byte	15
 134 006a 01       		.byte	1
 135 006b 10       		.byte	16
 136 006c 05       		.byte	5
 137 006d 08       		.byte	8
 138 006e 09       		.byte	9
 139 006f 18       		.byte	24
 140 0070 0D       		.byte	13
 141 0071 1C       		.byte	28
 142 0072 0F       		.byte	15
 143 0073 02       		.byte	2
 144 0074 11       		.byte	17
 145 0075 04       		.byte	4
 146 0076 15       		.byte	21
 147 0077 1F       		.byte	31
 148 0078 19       		.byte	25
 149 0079 07       		.byte	7
 150 007a 1B       		.byte	27
 151 007b 18       		.byte	24
 152 007c 21       		.byte	33
 153 007d 1C       		.byte	28
 154 007e 23       		.byte	35
 155 007f 01       		.byte	1
 156 0080 27       		.byte	39
 157 0081 04       		.byte	4
 158 0082 2B       		.byte	43
 159 0083 03       		.byte	3
 160 0084 31       		.byte	49
 161 0085 1F       		.byte	31
 162 0086 3B       		.byte	59
 163 0087 0A       		.byte	10
 164 0088 59       		.byte	89
 165 0089 04       		.byte	4
 166 008a 5C       		.byte	92
 167 008b 10       		.byte	16
 168 008c 5F       		.byte	95
 169 008d 01       		.byte	1
 170 008e 04       		.byte	4
 171 008f 24       		.byte	36
ARM GAS  C:\Users\EDTRIC~1\AppData\Local\Temp\cczT3f3V.s 			page 4


 172 0090 05       		.byte	5
 173 0091 01       		.byte	1
 174 0092 0D       		.byte	13
 175 0093 08       		.byte	8
 176 0094 0E       		.byte	14
 177 0095 09       		.byte	9
 178 0096 15       		.byte	21
 179 0097 20       		.byte	32
 180 0098 16       		.byte	22
 181 0099 01       		.byte	1
 182 009a 17       		.byte	23
 183 009b 05       		.byte	5
 184 009c 1C       		.byte	28
 185 009d 04       		.byte	4
 186 009e 1D       		.byte	29
 187 009f 09       		.byte	9
 188 00a0 20       		.byte	32
 189 00a1 40       		.byte	64
 190 00a2 22       		.byte	34
 191 00a3 08       		.byte	8
 192 00a4 27       		.byte	39
 193 00a5 22       		.byte	34
 194 00a6 28       		.byte	40
 195 00a7 04       		.byte	4
 196 00a8 29       		.byte	41
 197 00a9 02       		.byte	2
 198 00aa 2B       		.byte	43
 199 00ab 10       		.byte	16
 200 00ac 2C       		.byte	44
 201 00ad 04       		.byte	4
 202 00ae 30       		.byte	48
 203 00af 11       		.byte	17
 204 00b0 32       		.byte	50
 205 00b1 08       		.byte	8
 206 00b2 34       		.byte	52
 207 00b3 10       		.byte	16
 208 00b4 35       		.byte	53
 209 00b5 02       		.byte	2
 210 00b6 36       		.byte	54
 211 00b7 1A       		.byte	26
 212 00b8 38       		.byte	56
 213 00b9 40       		.byte	64
 214 00ba 3A       		.byte	58
 215 00bb 26       		.byte	38
 216 00bc 3C       		.byte	60
 217 00bd 40       		.byte	64
 218 00be 3E       		.byte	62
 219 00bf 6A       		.byte	106
 220 00c0 44       		.byte	68
 221 00c1 14       		.byte	20
 222 00c2 45       		.byte	69
 223 00c3 A0       		.byte	-96
 224 00c4 47       		.byte	71
 225 00c5 02       		.byte	2
 226 00c6 4C       		.byte	76
 227 00c7 80       		.byte	-128
 228 00c8 4E       		.byte	78
ARM GAS  C:\Users\EDTRIC~1\AppData\Local\Temp\cczT3f3V.s 			page 5


 229 00c9 08       		.byte	8
 230 00ca 57       		.byte	87
 231 00cb 01       		.byte	1
 232 00cc 5F       		.byte	95
 233 00cd 20       		.byte	32
 234 00ce 6C       		.byte	108
 235 00cf 04       		.byte	4
 236 00d0 6D       		.byte	109
 237 00d1 40       		.byte	64
 238 00d2 6F       		.byte	111
 239 00d3 10       		.byte	16
 240 00d4 76       		.byte	118
 241 00d5 2E       		.byte	46
 242 00d6 C0       		.byte	-64
 243 00d7 70       		.byte	112
 244 00d8 C2       		.byte	-62
 245 00d9 E0       		.byte	-32
 246 00da C4       		.byte	-60
 247 00db F0       		.byte	-16
 248 00dc CA       		.byte	-54
 249 00dd 27       		.byte	39
 250 00de CC       		.byte	-52
 251 00df E7       		.byte	-25
 252 00e0 CE       		.byte	-50
 253 00e1 FF       		.byte	-1
 254 00e2 D0       		.byte	-48
 255 00e3 F0       		.byte	-16
 256 00e4 D2       		.byte	-46
 257 00e5 20       		.byte	32
 258 00e6 D6       		.byte	-42
 259 00e7 20       		.byte	32
 260 00e8 03       		.byte	3
 261 00e9 01       		.byte	1
 262 00ea 04       		.byte	4
 263 00eb E7       		.byte	-25
 264 00ec 05       		.byte	5
 265 00ed 0A       		.byte	10
 266 00ee 07       		.byte	7
 267 00ef 14       		.byte	20
 268 00f0 08       		.byte	8
 269 00f1 44       		.byte	68
 270 00f2 0A       		.byte	10
 271 00f3 31       		.byte	49
 272 00f4 0C       		.byte	12
 273 00f5 01       		.byte	1
 274 00f6 0E       		.byte	14
 275 00f7 0E       		.byte	14
 276 00f8 10       		.byte	16
 277 00f9 22       		.byte	34
 278 00fa 12       		.byte	18
 279 00fb 51       		.byte	81
 280 00fc 13       		.byte	19
 281 00fd 01       		.byte	1
 282 00fe 15       		.byte	21
 283 00ff 12       		.byte	18
 284 0100 17       		.byte	23
 285 0101 0C       		.byte	12
ARM GAS  C:\Users\EDTRIC~1\AppData\Local\Temp\cczT3f3V.s 			page 6


 286 0102 21       		.byte	33
 287 0103 04       		.byte	4
 288 0104 23       		.byte	35
 289 0105 1A       		.byte	26
 290 0106 25       		.byte	37
 291 0107 06       		.byte	6
 292 0108 27       		.byte	39
 293 0109 18       		.byte	24
 294 010a 28       		.byte	40
 295 010b E7       		.byte	-25
 296 010c 2C       		.byte	44
 297 010d 80       		.byte	-128
 298 010e 30       		.byte	48
 299 010f 07       		.byte	7
 300 0110 31       		.byte	49
 301 0111 1E       		.byte	30
 302 0112 32       		.byte	50
 303 0113 60       		.byte	96
 304 0114 34       		.byte	52
 305 0115 80       		.byte	-128
 306 0116 36       		.byte	54
 307 0117 18       		.byte	24
 308 0118 37       		.byte	55
 309 0119 01       		.byte	1
 310 011a 3B       		.byte	59
 311 011b 02       		.byte	2
 312 011c 3E       		.byte	62
 313 011d 40       		.byte	64
 314 011e 3F       		.byte	63
 315 011f 40       		.byte	64
 316 0120 54       		.byte	84
 317 0121 09       		.byte	9
 318 0122 58       		.byte	88
 319 0123 04       		.byte	4
 320 0124 59       		.byte	89
 321 0125 04       		.byte	4
 322 0126 5B       		.byte	91
 323 0127 04       		.byte	4
 324 0128 5C       		.byte	92
 325 0129 01       		.byte	1
 326 012a 5F       		.byte	95
 327 012b 01       		.byte	1
 328 012c 84       		.byte	-124
 329 012d 1C       		.byte	28
 330 012e 86       		.byte	-122
 331 012f 23       		.byte	35
 332 0130 8A       		.byte	-118
 333 0131 1C       		.byte	28
 334 0132 8B       		.byte	-117
 335 0133 15       		.byte	21
 336 0134 8D       		.byte	-115
 337 0135 13       		.byte	19
 338 0136 8F       		.byte	-113
 339 0137 04       		.byte	4
 340 0138 90       		.byte	-112
 341 0139 21       		.byte	33
 342 013a 91       		.byte	-111
ARM GAS  C:\Users\EDTRIC~1\AppData\Local\Temp\cczT3f3V.s 			page 7


 343 013b 13       		.byte	19
 344 013c 92       		.byte	-110
 345 013d 0E       		.byte	14
 346 013e 93       		.byte	-109
 347 013f 0C       		.byte	12
 348 0140 94       		.byte	-108
 349 0141 40       		.byte	64
 350 0142 95       		.byte	-107
 351 0143 03       		.byte	3
 352 0144 96       		.byte	-106
 353 0145 03       		.byte	3
 354 0146 97       		.byte	-105
 355 0147 14       		.byte	20
 356 0148 99       		.byte	-103
 357 0149 0A       		.byte	10
 358 014a 9A       		.byte	-102
 359 014b 08       		.byte	8
 360 014c 9B       		.byte	-101
 361 014d 14       		.byte	20
 362 014e 9C       		.byte	-100
 363 014f 21       		.byte	33
 364 0150 9E       		.byte	-98
 365 0151 16       		.byte	22
 366 0152 AB       		.byte	-85
 367 0153 08       		.byte	8
 368 0154 B0       		.byte	-80
 369 0155 1A       		.byte	26
 370 0156 B1       		.byte	-79
 371 0157 0F       		.byte	15
 372 0158 B2       		.byte	-78
 373 0159 60       		.byte	96
 374 015a B4       		.byte	-76
 375 015b 0F       		.byte	15
 376 015c B7       		.byte	-73
 377 015d 10       		.byte	16
 378 015e B8       		.byte	-72
 379 015f 08       		.byte	8
 380 0160 BA       		.byte	-70
 381 0161 22       		.byte	34
 382 0162 BB       		.byte	-69
 383 0163 02       		.byte	2
 384 0164 BF       		.byte	-65
 385 0165 40       		.byte	64
 386 0166 C0       		.byte	-64
 387 0167 46       		.byte	70
 388 0168 C1       		.byte	-63
 389 0169 05       		.byte	5
 390 016a C5       		.byte	-59
 391 016b 0B       		.byte	11
 392 016c C6       		.byte	-58
 393 016d E0       		.byte	-32
 394 016e C7       		.byte	-57
 395 016f 0C       		.byte	12
 396 0170 C8       		.byte	-56
 397 0171 19       		.byte	25
 398 0172 C9       		.byte	-55
 399 0173 FF       		.byte	-1
ARM GAS  C:\Users\EDTRIC~1\AppData\Local\Temp\cczT3f3V.s 			page 8


 400 0174 CA       		.byte	-54
 401 0175 FF       		.byte	-1
 402 0176 CB       		.byte	-53
 403 0177 FF       		.byte	-1
 404 0178 CE       		.byte	-50
 405 0179 F0       		.byte	-16
 406 017a CF       		.byte	-49
 407 017b 44       		.byte	68
 408 017c D0       		.byte	-48
 409 017d 0C       		.byte	12
 410 017e D4       		.byte	-44
 411 017f 01       		.byte	1
 412 0180 D8       		.byte	-40
 413 0181 04       		.byte	4
 414 0182 D9       		.byte	-39
 415 0183 04       		.byte	4
 416 0184 DA       		.byte	-38
 417 0185 04       		.byte	4
 418 0186 DB       		.byte	-37
 419 0187 04       		.byte	4
 420 0188 DC       		.byte	-36
 421 0189 11       		.byte	17
 422 018a DD       		.byte	-35
 423 018b 11       		.byte	17
 424 018c DF       		.byte	-33
 425 018d 01       		.byte	1
 426 018e E6       		.byte	-26
 427 018f C0       		.byte	-64
 428 0190 EA       		.byte	-22
 429 0191 40       		.byte	64
 430 0192 EB       		.byte	-21
 431 0193 02       		.byte	2
 432 0194 03       		.byte	3
 433 0195 28       		.byte	40
 434 0196 04       		.byte	4
 435 0197 58       		.byte	88
 436 0198 0A       		.byte	10
 437 0199 02       		.byte	2
 438 019a 0B       		.byte	11
 439 019b 68       		.byte	104
 440 019c 0C       		.byte	12
 441 019d 01       		.byte	1
 442 019e 0F       		.byte	15
 443 019f 80       		.byte	-128
 444 01a0 10       		.byte	16
 445 01a1 40       		.byte	64
 446 01a2 11       		.byte	17
 447 01a3 02       		.byte	2
 448 01a4 15       		.byte	21
 449 01a5 40       		.byte	64
 450 01a6 17       		.byte	23
 451 01a7 10       		.byte	16
 452 01a8 18       		.byte	24
 453 01a9 80       		.byte	-128
 454 01aa 1B       		.byte	27
 455 01ab 2C       		.byte	44
 456 01ac 1C       		.byte	28
ARM GAS  C:\Users\EDTRIC~1\AppData\Local\Temp\cczT3f3V.s 			page 9


 457 01ad 70       		.byte	112
 458 01ae 1D       		.byte	29
 459 01af A0       		.byte	-96
 460 01b0 1E       		.byte	30
 461 01b1 04       		.byte	4
 462 01b2 21       		.byte	33
 463 01b3 02       		.byte	2
 464 01b4 22       		.byte	34
 465 01b5 41       		.byte	65
 466 01b6 25       		.byte	37
 467 01b7 01       		.byte	1
 468 01b8 26       		.byte	38
 469 01b9 80       		.byte	-128
 470 01ba 2B       		.byte	43
 471 01bb 04       		.byte	4
 472 01bc 2C       		.byte	44
 473 01bd 58       		.byte	88
 474 01be 2D       		.byte	45
 475 01bf 20       		.byte	32
 476 01c0 30       		.byte	48
 477 01c1 08       		.byte	8
 478 01c2 32       		.byte	50
 479 01c3 01       		.byte	1
 480 01c4 33       		.byte	51
 481 01c5 20       		.byte	32
 482 01c6 36       		.byte	54
 483 01c7 04       		.byte	4
 484 01c8 37       		.byte	55
 485 01c9 02       		.byte	2
 486 01ca 38       		.byte	56
 487 01cb 80       		.byte	-128
 488 01cc 3B       		.byte	59
 489 01cd 60       		.byte	96
 490 01ce 3C       		.byte	60
 491 01cf 04       		.byte	4
 492 01d0 3F       		.byte	63
 493 01d1 02       		.byte	2
 494 01d2 41       		.byte	65
 495 01d3 02       		.byte	2
 496 01d4 49       		.byte	73
 497 01d5 04       		.byte	4
 498 01d6 4B       		.byte	75
 499 01d7 60       		.byte	96
 500 01d8 50       		.byte	80
 501 01d9 08       		.byte	8
 502 01da 52       		.byte	82
 503 01db 20       		.byte	32
 504 01dc 58       		.byte	88
 505 01dd 02       		.byte	2
 506 01de 59       		.byte	89
 507 01df 28       		.byte	40
 508 01e0 5A       		.byte	90
 509 01e1 80       		.byte	-128
 510 01e2 5C       		.byte	92
 511 01e3 A0       		.byte	-96
 512 01e4 5E       		.byte	94
 513 01e5 02       		.byte	2
ARM GAS  C:\Users\EDTRIC~1\AppData\Local\Temp\cczT3f3V.s 			page 10


 514 01e6 5F       		.byte	95
 515 01e7 04       		.byte	4
 516 01e8 67       		.byte	103
 517 01e9 02       		.byte	2
 518 01ea 90       		.byte	-112
 519 01eb 0C       		.byte	12
 520 01ec 91       		.byte	-111
 521 01ed 40       		.byte	64
 522 01ee 92       		.byte	-110
 523 01ef 40       		.byte	64
 524 01f0 94       		.byte	-108
 525 01f1 20       		.byte	32
 526 01f2 95       		.byte	-107
 527 01f3 20       		.byte	32
 528 01f4 96       		.byte	-106
 529 01f5 01       		.byte	1
 530 01f6 99       		.byte	-103
 531 01f7 01       		.byte	1
 532 01f8 9A       		.byte	-102
 533 01f9 2A       		.byte	42
 534 01fa 9B       		.byte	-101
 535 01fb 12       		.byte	18
 536 01fc 9C       		.byte	-100
 537 01fd 01       		.byte	1
 538 01fe 9E       		.byte	-98
 539 01ff 01       		.byte	1
 540 0200 9F       		.byte	-97
 541 0201 05       		.byte	5
 542 0202 A0       		.byte	-96
 543 0203 80       		.byte	-128
 544 0204 A1       		.byte	-95
 545 0205 08       		.byte	8
 546 0206 A2       		.byte	-94
 547 0207 08       		.byte	8
 548 0208 A3       		.byte	-93
 549 0209 01       		.byte	1
 550 020a A5       		.byte	-91
 551 020b A0       		.byte	-96
 552 020c A6       		.byte	-90
 553 020d 16       		.byte	22
 554 020e A7       		.byte	-89
 555 020f 10       		.byte	16
 556 0210 C0       		.byte	-64
 557 0211 E6       		.byte	-26
 558 0212 C2       		.byte	-62
 559 0213 1F       		.byte	31
 560 0214 C4       		.byte	-60
 561 0215 C0       		.byte	-64
 562 0216 CA       		.byte	-54
 563 0217 C4       		.byte	-60
 564 0218 CC       		.byte	-52
 565 0219 C7       		.byte	-57
 566 021a CE       		.byte	-50
 567 021b CC       		.byte	-52
 568 021c D0       		.byte	-48
 569 021d 01       		.byte	1
 570 021e D2       		.byte	-46
ARM GAS  C:\Users\EDTRIC~1\AppData\Local\Temp\cczT3f3V.s 			page 11


 571 021f 0C       		.byte	12
 572 0220 D6       		.byte	-42
 573 0221 FF       		.byte	-1
 574 0222 D8       		.byte	-40
 575 0223 10       		.byte	16
 576 0224 05       		.byte	5
 577 0225 10       		.byte	16
 578 0226 0A       		.byte	10
 579 0227 02       		.byte	2
 580 0228 0B       		.byte	11
 581 0229 20       		.byte	32
 582 022a 0D       		.byte	13
 583 022b 6C       		.byte	108
 584 022c 0E       		.byte	14
 585 022d 01       		.byte	1
 586 022e 0F       		.byte	15
 587 022f 11       		.byte	17
 588 0230 11       		.byte	17
 589 0231 70       		.byte	112
 590 0232 12       		.byte	18
 591 0233 01       		.byte	1
 592 0234 13       		.byte	19
 593 0235 0C       		.byte	12
 594 0236 15       		.byte	21
 595 0237 80       		.byte	-128
 596 0238 17       		.byte	23
 597 0239 03       		.byte	3
 598 023a 19       		.byte	25
 599 023b 5C       		.byte	92
 600 023c 1B       		.byte	27
 601 023d 02       		.byte	2
 602 023e 22       		.byte	34
 603 023f 02       		.byte	2
 604 0240 24       		.byte	36
 605 0241 01       		.byte	1
 606 0242 25       		.byte	37
 607 0243 14       		.byte	20
 608 0244 28       		.byte	40
 609 0245 01       		.byte	1
 610 0246 29       		.byte	41
 611 0247 09       		.byte	9
 612 0248 2B       		.byte	43
 613 0249 10       		.byte	16
 614 024a 32       		.byte	50
 615 024b 01       		.byte	1
 616 024c 33       		.byte	51
 617 024d 1F       		.byte	31
 618 024e 34       		.byte	52
 619 024f 02       		.byte	2
 620 0250 35       		.byte	53
 621 0251 60       		.byte	96
 622 0252 37       		.byte	55
 623 0253 80       		.byte	-128
 624 0254 38       		.byte	56
 625 0255 08       		.byte	8
 626 0256 39       		.byte	57
 627 0257 20       		.byte	32
ARM GAS  C:\Users\EDTRIC~1\AppData\Local\Temp\cczT3f3V.s 			page 12


 628 0258 3E       		.byte	62
 629 0259 10       		.byte	16
 630 025a 3F       		.byte	63
 631 025b 50       		.byte	80
 632 025c 40       		.byte	64
 633 025d 02       		.byte	2
 634 025e 47       		.byte	71
 635 025f 04       		.byte	4
 636 0260 49       		.byte	73
 637 0261 FF       		.byte	-1
 638 0262 4A       		.byte	74
 639 0263 07       		.byte	7
 640 0264 4B       		.byte	75
 641 0265 FF       		.byte	-1
 642 0266 4C       		.byte	76
 643 0267 40       		.byte	64
 644 0268 4D       		.byte	77
 645 0269 20       		.byte	32
 646 026a 4E       		.byte	78
 647 026b F0       		.byte	-16
 648 026c 4F       		.byte	79
 649 026d 05       		.byte	5
 650 026e 50       		.byte	80
 651 026f 08       		.byte	8
 652 0270 54       		.byte	84
 653 0271 18       		.byte	24
 654 0272 58       		.byte	88
 655 0273 04       		.byte	4
 656 0274 59       		.byte	89
 657 0275 04       		.byte	4
 658 0276 5A       		.byte	90
 659 0277 04       		.byte	4
 660 0278 5B       		.byte	91
 661 0279 04       		.byte	4
 662 027a 5C       		.byte	92
 663 027b 11       		.byte	17
 664 027c 5D       		.byte	93
 665 027d 11       		.byte	17
 666 027e 5F       		.byte	95
 667 027f 01       		.byte	1
 668 0280 60       		.byte	96
 669 0281 40       		.byte	64
 670 0282 61       		.byte	97
 671 0283 A8       		.byte	-88
 672 0284 62       		.byte	98
 673 0285 40       		.byte	64
 674 0286 63       		.byte	99
 675 0287 20       		.byte	32
 676 0288 82       		.byte	-126
 677 0289 02       		.byte	2
 678 028a 84       		.byte	-124
 679 028b 14       		.byte	20
 680 028c 85       		.byte	-123
 681 028d 08       		.byte	8
 682 028e 86       		.byte	-122
 683 028f 2B       		.byte	43
 684 0290 89       		.byte	-119
ARM GAS  C:\Users\EDTRIC~1\AppData\Local\Temp\cczT3f3V.s 			page 13


 685 0291 42       		.byte	66
 686 0292 8D       		.byte	-115
 687 0293 63       		.byte	99
 688 0294 91       		.byte	-111
 689 0295 78       		.byte	120
 690 0296 93       		.byte	-109
 691 0297 07       		.byte	7
 692 0298 94       		.byte	-108
 693 0299 0D       		.byte	13
 694 029a 95       		.byte	-107
 695 029b 7F       		.byte	127
 696 029c 96       		.byte	-106
 697 029d 10       		.byte	16
 698 029e 98       		.byte	-104
 699 029f 10       		.byte	16
 700 02a0 99       		.byte	-103
 701 02a1 67       		.byte	103
 702 02a2 9A       		.byte	-102
 703 02a3 27       		.byte	39
 704 02a4 9B       		.byte	-101
 705 02a5 18       		.byte	24
 706 02a6 9C       		.byte	-100
 707 02a7 38       		.byte	56
 708 02a8 9D       		.byte	-99
 709 02a9 21       		.byte	33
 710 02aa A1       		.byte	-95
 711 02ab 10       		.byte	16
 712 02ac A7       		.byte	-89
 713 02ad 67       		.byte	103
 714 02ae A9       		.byte	-87
 715 02af 18       		.byte	24
 716 02b0 AD       		.byte	-83
 717 02b1 18       		.byte	24
 718 02b2 AF       		.byte	-81
 719 02b3 67       		.byte	103
 720 02b4 B0       		.byte	-80
 721 02b5 03       		.byte	3
 722 02b6 B1       		.byte	-79
 723 02b7 1C       		.byte	28
 724 02b8 B5       		.byte	-75
 725 02b9 78       		.byte	120
 726 02ba B6       		.byte	-74
 727 02bb 3C       		.byte	60
 728 02bc B7       		.byte	-73
 729 02bd 03       		.byte	3
 730 02be B8       		.byte	-72
 731 02bf 80       		.byte	-128
 732 02c0 BB       		.byte	-69
 733 02c1 22       		.byte	34
 734 02c2 D4       		.byte	-44
 735 02c3 40       		.byte	64
 736 02c4 D8       		.byte	-40
 737 02c5 04       		.byte	4
 738 02c6 D9       		.byte	-39
 739 02c7 04       		.byte	4
 740 02c8 DB       		.byte	-37
 741 02c9 04       		.byte	4
ARM GAS  C:\Users\EDTRIC~1\AppData\Local\Temp\cczT3f3V.s 			page 14


 742 02ca DC       		.byte	-36
 743 02cb 10       		.byte	16
 744 02cc DF       		.byte	-33
 745 02cd 01       		.byte	1
 746 02ce 00       		.byte	0
 747 02cf 10       		.byte	16
 748 02d0 02       		.byte	2
 749 02d1 02       		.byte	2
 750 02d2 05       		.byte	5
 751 02d3 01       		.byte	1
 752 02d4 07       		.byte	7
 753 02d5 20       		.byte	32
 754 02d6 0A       		.byte	10
 755 02d7 40       		.byte	64
 756 02d8 0D       		.byte	13
 757 02d9 08       		.byte	8
 758 02da 0E       		.byte	14
 759 02db 09       		.byte	9
 760 02dc 10       		.byte	16
 761 02dd 80       		.byte	-128
 762 02de 12       		.byte	18
 763 02df 08       		.byte	8
 764 02e0 13       		.byte	19
 765 02e1 08       		.byte	8
 766 02e2 18       		.byte	24
 767 02e3 14       		.byte	20
 768 02e4 1D       		.byte	29
 769 02e5 01       		.byte	1
 770 02e6 1E       		.byte	30
 771 02e7 01       		.byte	1
 772 02e8 1F       		.byte	31
 773 02e9 80       		.byte	-128
 774 02ea 21       		.byte	33
 775 02eb 50       		.byte	80
 776 02ec 22       		.byte	34
 777 02ed 04       		.byte	4
 778 02ee 26       		.byte	38
 779 02ef 12       		.byte	18
 780 02f0 27       		.byte	39
 781 02f1 0A       		.byte	10
 782 02f2 29       		.byte	41
 783 02f3 04       		.byte	4
 784 02f4 2B       		.byte	43
 785 02f5 04       		.byte	4
 786 02f6 2E       		.byte	46
 787 02f7 66       		.byte	102
 788 02f8 32       		.byte	50
 789 02f9 05       		.byte	5
 790 02fa 33       		.byte	51
 791 02fb 20       		.byte	32
 792 02fc 35       		.byte	53
 793 02fd 80       		.byte	-128
 794 02fe 36       		.byte	54
 795 02ff 1A       		.byte	26
 796 0300 38       		.byte	56
 797 0301 A0       		.byte	-96
 798 0302 3B       		.byte	59
ARM GAS  C:\Users\EDTRIC~1\AppData\Local\Temp\cczT3f3V.s 			page 15


 799 0303 08       		.byte	8
 800 0304 3C       		.byte	60
 801 0305 60       		.byte	96
 802 0306 3E       		.byte	62
 803 0307 08       		.byte	8
 804 0308 41       		.byte	65
 805 0309 10       		.byte	16
 806 030a 50       		.byte	80
 807 030b 10       		.byte	16
 808 030c 53       		.byte	83
 809 030d 14       		.byte	20
 810 030e 5B       		.byte	91
 811 030f 02       		.byte	2
 812 0310 60       		.byte	96
 813 0311 04       		.byte	4
 814 0312 62       		.byte	98
 815 0313 80       		.byte	-128
 816 0314 64       		.byte	100
 817 0315 22       		.byte	34
 818 0316 66       		.byte	102
 819 0317 10       		.byte	16
 820 0318 83       		.byte	-125
 821 0319 80       		.byte	-128
 822 031a 85       		.byte	-123
 823 031b 40       		.byte	64
 824 031c 88       		.byte	-120
 825 031d 02       		.byte	2
 826 031e 8B       		.byte	-117
 827 031f 08       		.byte	8
 828 0320 8D       		.byte	-115
 829 0321 41       		.byte	65
 830 0322 90       		.byte	-112
 831 0323 C0       		.byte	-64
 832 0324 92       		.byte	-110
 833 0325 46       		.byte	70
 834 0326 97       		.byte	-105
 835 0327 28       		.byte	40
 836 0328 98       		.byte	-104
 837 0329 20       		.byte	32
 838 032a 99       		.byte	-103
 839 032b C4       		.byte	-60
 840 032c 9A       		.byte	-102
 841 032d 3A       		.byte	58
 842 032e 9B       		.byte	-101
 843 032f 20       		.byte	32
 844 0330 A0       		.byte	-96
 845 0331 90       		.byte	-112
 846 0332 A1       		.byte	-95
 847 0333 08       		.byte	8
 848 0334 A2       		.byte	-94
 849 0335 8C       		.byte	-116
 850 0336 A3       		.byte	-93
 851 0337 2C       		.byte	44
 852 0338 A6       		.byte	-90
 853 0339 12       		.byte	18
 854 033a A9       		.byte	-87
 855 033b 80       		.byte	-128
ARM GAS  C:\Users\EDTRIC~1\AppData\Local\Temp\cczT3f3V.s 			page 16


 856 033c AB       		.byte	-85
 857 033d 40       		.byte	64
 858 033e AC       		.byte	-84
 859 033f 84       		.byte	-124
 860 0340 AD       		.byte	-83
 861 0341 10       		.byte	16
 862 0342 AE       		.byte	-82
 863 0343 80       		.byte	-128
 864 0344 C0       		.byte	-64
 865 0345 33       		.byte	51
 866 0346 C2       		.byte	-62
 867 0347 E8       		.byte	-24
 868 0348 C4       		.byte	-60
 869 0349 0E       		.byte	14
 870 034a CA       		.byte	-54
 871 034b F6       		.byte	-10
 872 034c CC       		.byte	-52
 873 034d F7       		.byte	-9
 874 034e CE       		.byte	-50
 875 034f 7E       		.byte	126
 876 0350 D0       		.byte	-48
 877 0351 04       		.byte	4
 878 0352 D6       		.byte	-42
 879 0353 01       		.byte	1
 880 0354 D8       		.byte	-40
 881 0355 7C       		.byte	124
 882 0356 E0       		.byte	-32
 883 0357 01       		.byte	1
 884 0358 E4       		.byte	-28
 885 0359 01       		.byte	1
 886 035a E6       		.byte	-26
 887 035b 50       		.byte	80
 888 035c EE       		.byte	-18
 889 035d 04       		.byte	4
 890 035e 8E       		.byte	-114
 891 035f 01       		.byte	1
 892 0360 A4       		.byte	-92
 893 0361 02       		.byte	2
 894 0362 B2       		.byte	-78
 895 0363 02       		.byte	2
 896 0364 B4       		.byte	-76
 897 0365 01       		.byte	1
 898 0366 BE       		.byte	-66
 899 0367 04       		.byte	4
 900 0368 D8       		.byte	-40
 901 0369 04       		.byte	4
 902 036a DC       		.byte	-36
 903 036b 01       		.byte	1
 904 036c DF       		.byte	-33
 905 036d 01       		.byte	1
 906 036e 01       		.byte	1
 907 036f 80       		.byte	-128
 908 0370 04       		.byte	4
 909 0371 04       		.byte	4
 910 0372 05       		.byte	5
 911 0373 41       		.byte	65
 912 0374 07       		.byte	7
ARM GAS  C:\Users\EDTRIC~1\AppData\Local\Temp\cczT3f3V.s 			page 17


 913 0375 24       		.byte	36
 914 0376 08       		.byte	8
 915 0377 20       		.byte	32
 916 0378 09       		.byte	9
 917 0379 10       		.byte	16
 918 037a 0C       		.byte	12
 919 037b 02       		.byte	2
 920 037c 0D       		.byte	13
 921 037d 08       		.byte	8
 922 037e 0E       		.byte	14
 923 037f 08       		.byte	8
 924 0380 0F       		.byte	15
 925 0381 02       		.byte	2
 926 0382 12       		.byte	18
 927 0383 20       		.byte	32
 928 0384 16       		.byte	22
 929 0385 80       		.byte	-128
 930 0386 17       		.byte	23
 931 0387 52       		.byte	82
 932 0388 19       		.byte	25
 933 0389 08       		.byte	8
 934 038a 1B       		.byte	27
 935 038b 10       		.byte	16
 936 038c 1C       		.byte	28
 937 038d 18       		.byte	24
 938 038e 1D       		.byte	29
 939 038f 40       		.byte	64
 940 0390 1F       		.byte	31
 941 0391 01       		.byte	1
 942 0392 25       		.byte	37
 943 0393 50       		.byte	80
 944 0394 26       		.byte	38
 945 0395 04       		.byte	4
 946 0396 2C       		.byte	44
 947 0397 10       		.byte	16
 948 0398 2E       		.byte	46
 949 0399 80       		.byte	-128
 950 039a 2F       		.byte	47
 951 039b 08       		.byte	8
 952 039c 36       		.byte	54
 953 039d 04       		.byte	4
 954 039e 37       		.byte	55
 955 039f 51       		.byte	81
 956 03a0 3C       		.byte	60
 957 03a1 06       		.byte	6
 958 03a2 3D       		.byte	61
 959 03a3 90       		.byte	-112
 960 03a4 44       		.byte	68
 961 03a5 10       		.byte	16
 962 03a6 45       		.byte	69
 963 03a7 09       		.byte	9
 964 03a8 47       		.byte	71
 965 03a9 20       		.byte	32
 966 03aa 49       		.byte	73
 967 03ab 20       		.byte	32
 968 03ac 4A       		.byte	74
 969 03ad 05       		.byte	5
ARM GAS  C:\Users\EDTRIC~1\AppData\Local\Temp\cczT3f3V.s 			page 18


 970 03ae 4B       		.byte	75
 971 03af 40       		.byte	64
 972 03b0 4D       		.byte	77
 973 03b1 20       		.byte	32
 974 03b2 4F       		.byte	79
 975 03b3 46       		.byte	70
 976 03b4 54       		.byte	84
 977 03b5 01       		.byte	1
 978 03b6 56       		.byte	86
 979 03b7 11       		.byte	17
 980 03b8 57       		.byte	87
 981 03b9 08       		.byte	8
 982 03ba 64       		.byte	100
 983 03bb 40       		.byte	64
 984 03bc 6C       		.byte	108
 985 03bd 12       		.byte	18
 986 03be 6D       		.byte	109
 987 03bf 10       		.byte	16
 988 03c0 6E       		.byte	110
 989 03c1 01       		.byte	1
 990 03c2 6F       		.byte	111
 991 03c3 55       		.byte	85
 992 03c4 77       		.byte	119
 993 03c5 02       		.byte	2
 994 03c6 80       		.byte	-128
 995 03c7 10       		.byte	16
 996 03c8 82       		.byte	-126
 997 03c9 01       		.byte	1
 998 03ca 8D       		.byte	-115
 999 03cb 01       		.byte	1
 1000 03cc 90       		.byte	-112
 1001 03cd C4       		.byte	-60
 1002 03ce 92       		.byte	-110
 1003 03cf 46       		.byte	70
 1004 03d0 94       		.byte	-108
 1005 03d1 20       		.byte	32
 1006 03d2 95       		.byte	-107
 1007 03d3 20       		.byte	32
 1008 03d4 96       		.byte	-106
 1009 03d5 01       		.byte	1
 1010 03d6 97       		.byte	-105
 1011 03d7 2E       		.byte	46
 1012 03d8 98       		.byte	-104
 1013 03d9 40       		.byte	64
 1014 03da 99       		.byte	-103
 1015 03db 05       		.byte	5
 1016 03dc 9A       		.byte	-102
 1017 03dd 2A       		.byte	42
 1018 03de 9C       		.byte	-100
 1019 03df 90       		.byte	-112
 1020 03e0 9D       		.byte	-99
 1021 03e1 08       		.byte	8
 1022 03e2 9E       		.byte	-98
 1023 03e3 01       		.byte	1
 1024 03e4 9F       		.byte	-97
 1025 03e5 05       		.byte	5
 1026 03e6 A0       		.byte	-96
ARM GAS  C:\Users\EDTRIC~1\AppData\Local\Temp\cczT3f3V.s 			page 19


 1027 03e7 90       		.byte	-112
 1028 03e8 A1       		.byte	-95
 1029 03e9 08       		.byte	8
 1030 03ea A2       		.byte	-94
 1031 03eb A8       		.byte	-88
 1032 03ec A3       		.byte	-93
 1033 03ed 24       		.byte	36
 1034 03ee A4       		.byte	-92
 1035 03ef 01       		.byte	1
 1036 03f0 A6       		.byte	-90
 1037 03f1 17       		.byte	23
 1038 03f2 A7       		.byte	-89
 1039 03f3 50       		.byte	80
 1040 03f4 A8       		.byte	-88
 1041 03f5 02       		.byte	2
 1042 03f6 AA       		.byte	-86
 1043 03f7 20       		.byte	32
 1044 03f8 B0       		.byte	-80
 1045 03f9 21       		.byte	33
 1046 03fa C0       		.byte	-64
 1047 03fb F1       		.byte	-15
 1048 03fc C2       		.byte	-62
 1049 03fd F0       		.byte	-16
 1050 03fe C4       		.byte	-60
 1051 03ff D4       		.byte	-44
 1052 0400 CA       		.byte	-54
 1053 0401 70       		.byte	112
 1054 0402 CC       		.byte	-52
 1055 0403 F0       		.byte	-16
 1056 0404 CE       		.byte	-50
 1057 0405 F0       		.byte	-16
 1058 0406 D0       		.byte	-48
 1059 0407 E0       		.byte	-32
 1060 0408 D2       		.byte	-46
 1061 0409 30       		.byte	48
 1062 040a D8       		.byte	-40
 1063 040b 80       		.byte	-128
 1064 040c E0       		.byte	-32
 1065 040d 10       		.byte	16
 1066 040e E2       		.byte	-30
 1067 040f 01       		.byte	1
 1068 0410 EA       		.byte	-22
 1069 0411 02       		.byte	2
 1070 0412 E2       		.byte	-30
 1071 0413 01       		.byte	1
 1072 0414 EA       		.byte	-22
 1073 0415 02       		.byte	2
 1074 0416 E0       		.byte	-32
 1075 0417 01       		.byte	1
 1076 0418 E4       		.byte	-28
 1077 0419 01       		.byte	1
 1078 041a EE       		.byte	-18
 1079 041b 04       		.byte	4
 1080 041c 3C       		.byte	60
 1081 041d 80       		.byte	-128
 1082 041e CE       		.byte	-50
 1083 041f 20       		.byte	32
ARM GAS  C:\Users\EDTRIC~1\AppData\Local\Temp\cczT3f3V.s 			page 20


 1084 0420 A4       		.byte	-92
 1085 0421 40       		.byte	64
 1086 0422 03       		.byte	3
 1087 0423 02       		.byte	2
 1088 0424 5F       		.byte	95
 1089 0425 20       		.byte	32
 1090 0426 80       		.byte	-128
 1091 0427 08       		.byte	8
 1092 0428 8C       		.byte	-116
 1093 0429 02       		.byte	2
 1094 042a AC       		.byte	-84
 1095 042b 40       		.byte	64
 1096 042c C0       		.byte	-64
 1097 042d 40       		.byte	64
 1098 042e D6       		.byte	-42
 1099 042f 20       		.byte	32
 1100 0430 E2       		.byte	-30
 1101 0431 80       		.byte	-128
 1102 0432 EA       		.byte	-22
 1103 0433 40       		.byte	64
 1104 0434 08       		.byte	8
 1105 0435 02       		.byte	2
 1106 0436 12       		.byte	18
 1107 0437 20       		.byte	32
 1108 0438 17       		.byte	23
 1109 0439 04       		.byte	4
 1110 043a 63       		.byte	99
 1111 043b 02       		.byte	2
 1112 043c 66       		.byte	102
 1113 043d 01       		.byte	1
 1114 043e 67       		.byte	103
 1115 043f 02       		.byte	2
 1116 0440 70       		.byte	112
 1117 0441 08       		.byte	8
 1118 0442 75       		.byte	117
 1119 0443 02       		.byte	2
 1120 0444 82       		.byte	-126
 1121 0445 20       		.byte	32
 1122 0446 83       		.byte	-125
 1123 0447 05       		.byte	5
 1124 0448 87       		.byte	-121
 1125 0449 01       		.byte	1
 1126 044a 8E       		.byte	-114
 1127 044b 01       		.byte	1
 1128 044c 8F       		.byte	-113
 1129 044d 20       		.byte	32
 1130 044e 99       		.byte	-103
 1131 044f 02       		.byte	2
 1132 0450 9C       		.byte	-100
 1133 0451 02       		.byte	2
 1134 0452 9F       		.byte	-97
 1135 0453 20       		.byte	32
 1136 0454 A0       		.byte	-96
 1137 0455 08       		.byte	8
 1138 0456 A9       		.byte	-87
 1139 0457 02       		.byte	2
 1140 0458 AB       		.byte	-85
ARM GAS  C:\Users\EDTRIC~1\AppData\Local\Temp\cczT3f3V.s 			page 21


 1141 0459 02       		.byte	2
 1142 045a C2       		.byte	-62
 1143 045b 10       		.byte	16
 1144 045c C4       		.byte	-60
 1145 045d 30       		.byte	48
 1146 045e D6       		.byte	-42
 1147 045f C0       		.byte	-64
 1148 0460 D8       		.byte	-40
 1149 0461 80       		.byte	-128
 1150 0462 DC       		.byte	-36
 1151 0463 80       		.byte	-128
 1152 0464 DE       		.byte	-34
 1153 0465 20       		.byte	32
 1154 0466 E0       		.byte	-32
 1155 0467 80       		.byte	-128
 1156 0468 E4       		.byte	-28
 1157 0469 80       		.byte	-128
 1158 046a E6       		.byte	-26
 1159 046b 30       		.byte	48
 1160 046c E8       		.byte	-24
 1161 046d 20       		.byte	32
 1162 046e EE       		.byte	-18
 1163 046f 20       		.byte	32
 1164 0470 10       		.byte	16
 1165 0471 20       		.byte	32
 1166 0472 13       		.byte	19
 1167 0473 80       		.byte	-128
 1168 0474 14       		.byte	20
 1169 0475 20       		.byte	32
 1170 0476 7B       		.byte	123
 1171 0477 10       		.byte	16
 1172 0478 7D       		.byte	125
 1173 0479 20       		.byte	32
 1174 047a 80       		.byte	-128
 1175 047b 20       		.byte	32
 1176 047c 9F       		.byte	-97
 1177 047d 80       		.byte	-128
 1178 047e AF       		.byte	-81
 1179 047f 80       		.byte	-128
 1180 0480 C4       		.byte	-60
 1181 0481 0E       		.byte	14
 1182 0482 DE       		.byte	-34
 1183 0483 03       		.byte	3
 1184 0484 81       		.byte	-127
 1185 0485 10       		.byte	16
 1186 0486 83       		.byte	-125
 1187 0487 10       		.byte	16
 1188 0488 A5       		.byte	-91
 1189 0489 10       		.byte	16
 1190 048a A7       		.byte	-89
 1191 048b 10       		.byte	16
 1192 048c A8       		.byte	-88
 1193 048d 20       		.byte	32
 1194 048e 00       		.byte	0
 1195 048f 03       		.byte	3
 1196 0490 0A       		.byte	10
 1197 0491 03       		.byte	3
ARM GAS  C:\Users\EDTRIC~1\AppData\Local\Temp\cczT3f3V.s 			page 22


 1198 0492 10       		.byte	16
 1199 0493 03       		.byte	3
 1200 0494 1A       		.byte	26
 1201 0495 03       		.byte	3
 1202 0496 03       		.byte	3
 1203 0497 C0       		.byte	-64
 1204 0498 38       		.byte	56
 1205 0499 04       		.byte	4
 1206 049a C0       		.byte	-64
 1207 049b 00       		.byte	0
 1208 049c 21       		.byte	33
 1209 049d 02       		.byte	2
 1210 049e D8       		.byte	-40
 1211 049f 00       		.byte	0
 1212 04a0 98       		.byte	-104
 1213 04a1 06       		.byte	6
 1214 04a2 02       		.byte	2
 1215 04a3 00       		.byte	0
 1216 04a4 00       		.byte	0
 1217 04a5 0F       		.byte	15
 1218 04a6 00       		.byte	0
 1219 04a7 00       		.byte	0
 1220 04a8 00       		.byte	0
 1221 04a9 0E       		.byte	14
 1222 04aa 00       		.byte	0
 1223 04ab 01       		.byte	1
 1224 04ac 13       		.byte	19
 1225 04ad 0F       		.byte	15
 1226 04ae 64       		.byte	100
 1227 04af 00       		.byte	0
 1228 04b0 FC       		.byte	-4
 1229 04b1 09       		.byte	9
 1230 04b2 03       		.byte	3
 1231 04b3 06       		.byte	6
 1232 04b4 9A       		.byte	-102
 1233 04b5 00       		.byte	0
 1234 04b6 00       		.byte	0
 1235 04b7 00       		.byte	0
 1236 04b8 98       		.byte	-104
 1237 04b9 00       		.byte	0
 1238 04ba 02       		.byte	2
 1239 04bb 00       		.byte	0
 1240 04bc 02       		.byte	2
 1241 04bd 00       		.byte	0
 1242 04be 98       		.byte	-104
 1243 04bf 00       		.byte	0
 1244 04c0 9A       		.byte	-102
 1245 04c1 00       		.byte	0
 1246 04c2 00       		.byte	0
 1247 04c3 01       		.byte	1
 1248 04c4 02       		.byte	2
 1249 04c5 00       		.byte	0
 1250 04c6 00       		.byte	0
 1251 04c7 00       		.byte	0
 1252 04c8 E0       		.byte	-32
 1253 04c9 00       		.byte	0
 1254 04ca 13       		.byte	19
ARM GAS  C:\Users\EDTRIC~1\AppData\Local\Temp\cczT3f3V.s 			page 23


 1255 04cb 08       		.byte	8
 1256 04cc 0F       		.byte	15
 1257 04cd 00       		.byte	0
 1258 04ce 00       		.byte	0
 1259 04cf 07       		.byte	7
 1260 04d0 00       		.byte	0
 1261 04d1 00       		.byte	0
 1262 04d2 22       		.byte	34
 1263 04d3 00       		.byte	0
 1264 04d4 00       		.byte	0
 1265 04d5 00       		.byte	0
 1266 04d6 00       		.byte	0
 1267 04d7 04       		.byte	4
 1268 04d8 32       		.byte	50
 1269 04d9 06       		.byte	6
 1270 04da 04       		.byte	4
 1271 04db 00       		.byte	0
 1272 04dc 01       		.byte	1
 1273 04dd E0       		.byte	-32
 1274 04de 00       		.byte	0
 1275 04df C0       		.byte	-64
 1276 04e0 22       		.byte	34
 1277 04e1 FF       		.byte	-1
 1278 04e2 FF       		.byte	-1
 1279 04e3 FF       		.byte	-1
 1280 04e4 62       		.byte	98
 1281 04e5 A0       		.byte	-96
 1282 04e6 F0       		.byte	-16
 1283 04e7 41       		.byte	65
 1284 04e8 0C       		.byte	12
 1285 04e9 00       		.byte	0
 1286 04ea 00       		.byte	0
 1287 04eb 00       		.byte	0
 1288 04ec 00       		.byte	0
 1289 04ed 00       		.byte	0
 1290 04ee 02       		.byte	2
 1291 04ef 11       		.byte	17
 1292 04f0 04       		.byte	4
 1293 04f1 04       		.byte	4
 1294 04f2 04       		.byte	4
 1295 04f3 04       		.byte	4
 1296 04f4 10       		.byte	16
 1297 04f5 11       		.byte	17
 1298 04f6 00       		.byte	0
 1299 04f7 01       		.byte	1
 1300 04f8 00       		.byte	0
 1301 04f9 00       		.byte	0
 1302 04fa 00       		.byte	0
 1303 04fb 00       		.byte	0
 1304 04fc 00       		.byte	0
 1305 04fd 00       		.byte	0
 1306 04fe 40       		.byte	64
 1307 04ff 02       		.byte	2
 1308 0500 00       		.byte	0
 1309 0501 10       		.byte	16
 1310 0502 30       		.byte	48
 1311 0503 10       		.byte	16
ARM GAS  C:\Users\EDTRIC~1\AppData\Local\Temp\cczT3f3V.s 			page 24


 1312 0504 00       		.byte	0
 1313 0505 10       		.byte	16
 1314 0506 10       		.byte	16
 1315 0507 12       		.byte	18
 1316 0508 00       		.byte	0
 1317 0509 00       		.byte	0
 1318 050a 00       		.byte	0
 1319 050b 00       		.byte	0
 1320 050c 00       		.byte	0
 1321 050d 00       		.byte	0
 1322 050e 00       		.byte	0
 1323 050f 00       		.byte	0
 1324 0510 00       		.byte	0
 1325 0511 00       		.byte	0
 1326 0512 00       		.byte	0
 1327 0513 00       		.byte	0
 1328 0514 00       		.byte	0
 1329 0515 00       		.byte	0
 1330 0516 00       		.byte	0
 1331 0517 00       		.byte	0
 1332 0518 04       		.byte	4
 1333 0519 40       		.byte	64
 1334 051a 00       		.byte	0
 1335 051b 00       		.byte	0
 1336 051c 0A       		.byte	10
 1337 051d 62       		.byte	98
 1338 051e 10       		.byte	16
 1339 051f 14       		.byte	20
 1340 0520 80       		.byte	-128
 1341 0521 8D       		.byte	-115
 1342 0522 04       		.byte	4
 1343 0523 00       		.byte	0
 1344 0524 01       		.byte	1
 1345 0525 02       		.byte	2
 1346 0526 00       		.byte	0
 1347 0527 0D       		.byte	13
 1348 0528 04       		.byte	4
 1349 0529 0D       		.byte	13
 1350 052a 80       		.byte	-128
 1351 052b 80       		.byte	-128
 1352 052c 07       		.byte	7
 1353 052d 42       		.byte	66
 1354 052e 38       		.byte	56
 1355 052f 08       		.byte	8
 1356 0530 56       		.byte	86
 1357 0531 8D       		.byte	-115
 1358 0532 09       		.byte	9
 1359 0533 00       		.byte	0
 1360 0534 60       		.byte	96
 1361 0535 8D       		.byte	-115
 1362 0536 00       		.byte	0
 1363 0537 00       		.byte	0
 1364 0538 84       		.byte	-124
 1365 0539 00       		.byte	0
 1366 053a 00       		.byte	0
 1367 053b 00       		.byte	0
 1368 053c 00       		.byte	0
ARM GAS  C:\Users\EDTRIC~1\AppData\Local\Temp\cczT3f3V.s 			page 25


 1369 053d 11       		.byte	17
 1370 053e 00       		.byte	0
 1371 053f 22       		.byte	34
 1372 0540 84       		.byte	-124
 1373 0541 00       		.byte	0
 1374 0542 00       		.byte	0
 1375 0543 80       		.byte	-128
 1376 0544 84       		.byte	-124
 1377 0545 8D       		.byte	-115
 1378 0546 00       		.byte	0
 1379 0547 00       		.byte	0
 1380 0548 02       		.byte	2
 1381 0549 00       		.byte	0
 1382 054a 80       		.byte	-128
 1383 054b 70       		.byte	112
 1384 054c 08       		.byte	8
 1385 054d 80       		.byte	-128
 1386 054e 7F       		.byte	127
 1387 054f 0F       		.byte	15
 1388 0550 80       		.byte	-128
 1389 0551 00       		.byte	0
 1390 0552 00       		.byte	0
 1391 0553 88       		.byte	-120
 1392 0554 00       		.byte	0
 1393 0555 00       		.byte	0
 1394 0556 15       		.byte	21
 1395 0557 10       		.byte	16
 1396 0558 26       		.byte	38
 1397 0559 03       		.byte	3
 1398 055a 50       		.byte	80
 1399 055b 00       		.byte	0
 1400 055c 04       		.byte	4
 1401 055d BE       		.byte	-66
 1402 055e F0       		.byte	-16
 1403 055f CD       		.byte	-51
 1404 0560 3B       		.byte	59
 1405 0561 FF       		.byte	-1
 1406 0562 FF       		.byte	-1
 1407 0563 FF       		.byte	-1
 1408 0564 22       		.byte	34
 1409 0565 00       		.byte	0
 1410 0566 F0       		.byte	-16
 1411 0567 08       		.byte	8
 1412 0568 04       		.byte	4
 1413 0569 00       		.byte	0
 1414 056a 00       		.byte	0
 1415 056b 00       		.byte	0
 1416 056c 00       		.byte	0
 1417 056d 00       		.byte	0
 1418 056e 02       		.byte	2
 1419 056f 2C       		.byte	44
 1420 0570 04       		.byte	4
 1421 0571 04       		.byte	4
 1422 0572 04       		.byte	4
 1423 0573 04       		.byte	4
 1424 0574 00       		.byte	0
 1425 0575 00       		.byte	0
ARM GAS  C:\Users\EDTRIC~1\AppData\Local\Temp\cczT3f3V.s 			page 26


 1426 0576 00       		.byte	0
 1427 0577 01       		.byte	1
 1428 0578 00       		.byte	0
 1429 0579 00       		.byte	0
 1430 057a C0       		.byte	-64
 1431 057b 00       		.byte	0
 1432 057c 40       		.byte	64
 1433 057d 01       		.byte	1
 1434 057e 10       		.byte	16
 1435 057f 11       		.byte	17
 1436 0580 C0       		.byte	-64
 1437 0581 01       		.byte	1
 1438 0582 00       		.byte	0
 1439 0583 11       		.byte	17
 1440 0584 40       		.byte	64
 1441 0585 01       		.byte	1
 1442 0586 40       		.byte	64
 1443 0587 01       		.byte	1
 1444 0588 00       		.byte	0
 1445 0589 00       		.byte	0
 1446 058a 00       		.byte	0
 1447 058b 00       		.byte	0
 1448 058c 00       		.byte	0
 1449 058d 00       		.byte	0
 1450 058e 00       		.byte	0
 1451 058f 00       		.byte	0
 1452 0590 00       		.byte	0
 1453 0591 00       		.byte	0
 1454 0592 00       		.byte	0
 1455 0593 00       		.byte	0
 1456 0594 00       		.byte	0
 1457 0595 00       		.byte	0
 1458 0596 00       		.byte	0
 1459 0597 00       		.byte	0
 1460 0598 03       		.byte	3
 1461 0599 00       		.byte	0
 1462 059a 00       		.byte	0
 1463 059b 00       		.byte	0
 1464 059c 03       		.byte	3
 1465 059d 00       		.byte	0
 1466 059e 03       		.byte	3
 1467 059f 00       		.byte	0
 1468 05a0 00       		.byte	0
 1469 05a1 00       		.byte	0
 1470 05a2 00       		.byte	0
 1471 05a3 00       		.byte	0
 1472 05a4 08       		.byte	8
 1473 05a5 00       		.byte	0
 1474 05a6 04       		.byte	4
 1475 05a7 08       		.byte	8
 1476 05a8 08       		.byte	8
 1477 05a9 00       		.byte	0
 1478 05aa 08       		.byte	8
 1479 05ab 00       		.byte	0
 1480 05ac 00       		.byte	0
 1481 05ad 00       		.byte	0
 1482 05ae 00       		.byte	0
ARM GAS  C:\Users\EDTRIC~1\AppData\Local\Temp\cczT3f3V.s 			page 27


 1483 05af 00       		.byte	0
 1484 05b0 10       		.byte	16
 1485 05b1 E0       		.byte	-32
 1486 05b2 E0       		.byte	-32
 1487 05b3 00       		.byte	0
 1488 05b4 E0       		.byte	-32
 1489 05b5 00       		.byte	0
 1490 05b6 00       		.byte	0
 1491 05b7 00       		.byte	0
 1492              		.section	.cywolatch,"a",%progbits
 1493              		.align	2
 1494              		.type	cy_meta_wonvl, %object
 1495              		.size	cy_meta_wonvl, 4
 1496              	cy_meta_wonvl:
 1497 0000 BC       		.byte	-68
 1498 0001 90       		.byte	-112
 1499 0002 AC       		.byte	-84
 1500 0003 AF       		.byte	-81
 1501              		.section	.cycustnvl,"a",%progbits
 1502              		.align	2
 1503              		.type	cy_meta_custnvl, %object
 1504              		.size	cy_meta_custnvl, 4
 1505              	cy_meta_custnvl:
 1506 0000 00       		.byte	0
 1507 0001 00       		.byte	0
 1508 0002 40       		.byte	64
 1509 0003 05       		.byte	5
 1510              		.section	.cymeta,"a",%progbits
 1511              		.align	2
 1512              		.type	cy_metadata, %object
 1513              		.size	cy_metadata, 12
 1514              	cy_metadata:
 1515 0000 00       		.byte	0
 1516 0001 01       		.byte	1
 1517 0002 2E       		.byte	46
 1518 0003 11       		.byte	17
 1519 0004 E0       		.byte	-32
 1520 0005 69       		.byte	105
 1521 0006 00       		.byte	0
 1522 0007 01       		.byte	1
 1523 0008 00       		.byte	0
 1524 0009 00       		.byte	0
 1525 000a 00       		.byte	0
 1526 000b 00       		.byte	0
 1527              		.section	.cyflashprotect,"a",%progbits
 1528              		.align	2
 1529              		.type	cy_meta_flashprotect, %object
 1530              		.size	cy_meta_flashprotect, 256
 1531              	cy_meta_flashprotect:
 1532 0000 00000000 		.space	256
 1532      00000000 
 1532      00000000 
 1532      00000000 
 1532      00000000 
 1533              		.text
 1534              	.Letext0:
 1535              		.file 1 ".\\Generated_Source\\PSoC5\\cymetadata.c"
ARM GAS  C:\Users\EDTRIC~1\AppData\Local\Temp\cczT3f3V.s 			page 28


 1536              		.file 2 ".\\Generated_Source\\PSoC5\\cytypes.h"
 1537              		.section	.debug_info,"",%progbits
 1538              	.Ldebug_info0:
 1539 0000 38010000 		.4byte	0x138
 1540 0004 0400     		.2byte	0x4
 1541 0006 00000000 		.4byte	.Ldebug_abbrev0
 1542 000a 04       		.byte	0x4
 1543 000b 01       		.uleb128 0x1
 1544 000c E0000000 		.4byte	.LASF18
 1545 0010 01       		.byte	0x1
 1546 0011 00000000 		.4byte	.LASF19
 1547 0015 38000000 		.4byte	.LASF20
 1548 0019 00000000 		.4byte	.Ldebug_line0
 1549 001d 02       		.uleb128 0x2
 1550 001e 01       		.byte	0x1
 1551 001f 06       		.byte	0x6
 1552 0020 EA010000 		.4byte	.LASF0
 1553 0024 02       		.uleb128 0x2
 1554 0025 01       		.byte	0x1
 1555 0026 08       		.byte	0x8
 1556 0027 84000000 		.4byte	.LASF1
 1557 002b 02       		.uleb128 0x2
 1558 002c 02       		.byte	0x2
 1559 002d 05       		.byte	0x5
 1560 002e D1010000 		.4byte	.LASF2
 1561 0032 02       		.uleb128 0x2
 1562 0033 02       		.byte	0x2
 1563 0034 07       		.byte	0x7
 1564 0035 A4000000 		.4byte	.LASF3
 1565 0039 02       		.uleb128 0x2
 1566 003a 04       		.byte	0x4
 1567 003b 05       		.byte	0x5
 1568 003c E1010000 		.4byte	.LASF4
 1569 0040 02       		.uleb128 0x2
 1570 0041 04       		.byte	0x4
 1571 0042 07       		.byte	0x7
 1572 0043 92000000 		.4byte	.LASF5
 1573 0047 02       		.uleb128 0x2
 1574 0048 08       		.byte	0x8
 1575 0049 05       		.byte	0x5
 1576 004a BE010000 		.4byte	.LASF6
 1577 004e 02       		.uleb128 0x2
 1578 004f 08       		.byte	0x8
 1579 0050 07       		.byte	0x7
 1580 0051 7B010000 		.4byte	.LASF7
 1581 0055 03       		.uleb128 0x3
 1582 0056 04       		.byte	0x4
 1583 0057 05       		.byte	0x5
 1584 0058 696E7400 		.ascii	"int\000"
 1585 005c 02       		.uleb128 0x2
 1586 005d 04       		.byte	0x4
 1587 005e 07       		.byte	0x7
 1588 005f 6E010000 		.4byte	.LASF8
 1589 0063 04       		.uleb128 0x4
 1590 0064 DB010000 		.4byte	.LASF21
 1591 0068 02       		.byte	0x2
 1592 0069 9201     		.2byte	0x192
ARM GAS  C:\Users\EDTRIC~1\AppData\Local\Temp\cczT3f3V.s 			page 29


 1593 006b 24000000 		.4byte	0x24
 1594 006f 02       		.uleb128 0x2
 1595 0070 04       		.byte	0x4
 1596 0071 04       		.byte	0x4
 1597 0072 32000000 		.4byte	.LASF9
 1598 0076 02       		.uleb128 0x2
 1599 0077 08       		.byte	0x8
 1600 0078 04       		.byte	0x4
 1601 0079 B7000000 		.4byte	.LASF10
 1602 007d 02       		.uleb128 0x2
 1603 007e 01       		.byte	0x1
 1604 007f 08       		.byte	0x8
 1605 0080 CC010000 		.4byte	.LASF11
 1606 0084 05       		.uleb128 0x5
 1607 0085 63000000 		.4byte	0x63
 1608 0089 95000000 		.4byte	0x95
 1609 008d 06       		.uleb128 0x6
 1610 008e 95000000 		.4byte	0x95
 1611 0092 B705     		.2byte	0x5b7
 1612 0094 00       		.byte	0
 1613 0095 02       		.uleb128 0x2
 1614 0096 04       		.byte	0x4
 1615 0097 07       		.byte	0x7
 1616 0098 B5010000 		.4byte	.LASF12
 1617 009c 07       		.uleb128 0x7
 1618 009d CE000000 		.4byte	.LASF13
 1619 00a1 01       		.byte	0x1
 1620 00a2 1F       		.byte	0x1f
 1621 00a3 AD000000 		.4byte	0xad
 1622 00a7 05       		.uleb128 0x5
 1623 00a8 03       		.byte	0x3
 1624 00a9 00000000 		.4byte	cy_meta_configecc
 1625 00ad 08       		.uleb128 0x8
 1626 00ae 84000000 		.4byte	0x84
 1627 00b2 05       		.uleb128 0x5
 1628 00b3 63000000 		.4byte	0x63
 1629 00b7 C2000000 		.4byte	0xc2
 1630 00bb 09       		.uleb128 0x9
 1631 00bc 95000000 		.4byte	0x95
 1632 00c0 03       		.byte	0x3
 1633 00c1 00       		.byte	0
 1634 00c2 07       		.uleb128 0x7
 1635 00c3 BE000000 		.4byte	.LASF14
 1636 00c7 01       		.byte	0x1
 1637 00c8 E3       		.byte	0xe3
 1638 00c9 D3000000 		.4byte	0xd3
 1639 00cd 05       		.uleb128 0x5
 1640 00ce 03       		.byte	0x3
 1641 00cf 00000000 		.4byte	cy_meta_custnvl
 1642 00d3 08       		.uleb128 0x8
 1643 00d4 B2000000 		.4byte	0xb2
 1644 00d8 07       		.uleb128 0x7
 1645 00d9 A7010000 		.4byte	.LASF15
 1646 00dd 01       		.byte	0x1
 1647 00de F1       		.byte	0xf1
 1648 00df E9000000 		.4byte	0xe9
 1649 00e3 05       		.uleb128 0x5
ARM GAS  C:\Users\EDTRIC~1\AppData\Local\Temp\cczT3f3V.s 			page 30


 1650 00e4 03       		.byte	0x3
 1651 00e5 00000000 		.4byte	cy_meta_wonvl
 1652 00e9 08       		.uleb128 0x8
 1653 00ea B2000000 		.4byte	0xb2
 1654 00ee 05       		.uleb128 0x5
 1655 00ef 63000000 		.4byte	0x63
 1656 00f3 FE000000 		.4byte	0xfe
 1657 00f7 09       		.uleb128 0x9
 1658 00f8 95000000 		.4byte	0x95
 1659 00fc FF       		.byte	0xff
 1660 00fd 00       		.byte	0
 1661 00fe 07       		.uleb128 0x7
 1662 00ff 92010000 		.4byte	.LASF16
 1663 0103 01       		.byte	0x1
 1664 0104 FF       		.byte	0xff
 1665 0105 0F010000 		.4byte	0x10f
 1666 0109 05       		.uleb128 0x5
 1667 010a 03       		.byte	0x3
 1668 010b 00000000 		.4byte	cy_meta_flashprotect
 1669 010f 08       		.uleb128 0x8
 1670 0110 EE000000 		.4byte	0xee
 1671 0114 05       		.uleb128 0x5
 1672 0115 63000000 		.4byte	0x63
 1673 0119 24010000 		.4byte	0x124
 1674 011d 09       		.uleb128 0x9
 1675 011e 95000000 		.4byte	0x95
 1676 0122 0B       		.byte	0xb
 1677 0123 00       		.byte	0
 1678 0124 0A       		.uleb128 0xa
 1679 0125 26000000 		.4byte	.LASF17
 1680 0129 01       		.byte	0x1
 1681 012a 2C01     		.2byte	0x12c
 1682 012c 36010000 		.4byte	0x136
 1683 0130 05       		.uleb128 0x5
 1684 0131 03       		.byte	0x3
 1685 0132 00000000 		.4byte	cy_metadata
 1686 0136 08       		.uleb128 0x8
 1687 0137 14010000 		.4byte	0x114
 1688 013b 00       		.byte	0
 1689              		.section	.debug_abbrev,"",%progbits
 1690              	.Ldebug_abbrev0:
 1691 0000 01       		.uleb128 0x1
 1692 0001 11       		.uleb128 0x11
 1693 0002 01       		.byte	0x1
 1694 0003 25       		.uleb128 0x25
 1695 0004 0E       		.uleb128 0xe
 1696 0005 13       		.uleb128 0x13
 1697 0006 0B       		.uleb128 0xb
 1698 0007 03       		.uleb128 0x3
 1699 0008 0E       		.uleb128 0xe
 1700 0009 1B       		.uleb128 0x1b
 1701 000a 0E       		.uleb128 0xe
 1702 000b 10       		.uleb128 0x10
 1703 000c 17       		.uleb128 0x17
 1704 000d 00       		.byte	0
 1705 000e 00       		.byte	0
 1706 000f 02       		.uleb128 0x2
ARM GAS  C:\Users\EDTRIC~1\AppData\Local\Temp\cczT3f3V.s 			page 31


 1707 0010 24       		.uleb128 0x24
 1708 0011 00       		.byte	0
 1709 0012 0B       		.uleb128 0xb
 1710 0013 0B       		.uleb128 0xb
 1711 0014 3E       		.uleb128 0x3e
 1712 0015 0B       		.uleb128 0xb
 1713 0016 03       		.uleb128 0x3
 1714 0017 0E       		.uleb128 0xe
 1715 0018 00       		.byte	0
 1716 0019 00       		.byte	0
 1717 001a 03       		.uleb128 0x3
 1718 001b 24       		.uleb128 0x24
 1719 001c 00       		.byte	0
 1720 001d 0B       		.uleb128 0xb
 1721 001e 0B       		.uleb128 0xb
 1722 001f 3E       		.uleb128 0x3e
 1723 0020 0B       		.uleb128 0xb
 1724 0021 03       		.uleb128 0x3
 1725 0022 08       		.uleb128 0x8
 1726 0023 00       		.byte	0
 1727 0024 00       		.byte	0
 1728 0025 04       		.uleb128 0x4
 1729 0026 16       		.uleb128 0x16
 1730 0027 00       		.byte	0
 1731 0028 03       		.uleb128 0x3
 1732 0029 0E       		.uleb128 0xe
 1733 002a 3A       		.uleb128 0x3a
 1734 002b 0B       		.uleb128 0xb
 1735 002c 3B       		.uleb128 0x3b
 1736 002d 05       		.uleb128 0x5
 1737 002e 49       		.uleb128 0x49
 1738 002f 13       		.uleb128 0x13
 1739 0030 00       		.byte	0
 1740 0031 00       		.byte	0
 1741 0032 05       		.uleb128 0x5
 1742 0033 01       		.uleb128 0x1
 1743 0034 01       		.byte	0x1
 1744 0035 49       		.uleb128 0x49
 1745 0036 13       		.uleb128 0x13
 1746 0037 01       		.uleb128 0x1
 1747 0038 13       		.uleb128 0x13
 1748 0039 00       		.byte	0
 1749 003a 00       		.byte	0
 1750 003b 06       		.uleb128 0x6
 1751 003c 21       		.uleb128 0x21
 1752 003d 00       		.byte	0
 1753 003e 49       		.uleb128 0x49
 1754 003f 13       		.uleb128 0x13
 1755 0040 2F       		.uleb128 0x2f
 1756 0041 05       		.uleb128 0x5
 1757 0042 00       		.byte	0
 1758 0043 00       		.byte	0
 1759 0044 07       		.uleb128 0x7
 1760 0045 34       		.uleb128 0x34
 1761 0046 00       		.byte	0
 1762 0047 03       		.uleb128 0x3
 1763 0048 0E       		.uleb128 0xe
ARM GAS  C:\Users\EDTRIC~1\AppData\Local\Temp\cczT3f3V.s 			page 32


 1764 0049 3A       		.uleb128 0x3a
 1765 004a 0B       		.uleb128 0xb
 1766 004b 3B       		.uleb128 0x3b
 1767 004c 0B       		.uleb128 0xb
 1768 004d 49       		.uleb128 0x49
 1769 004e 13       		.uleb128 0x13
 1770 004f 3F       		.uleb128 0x3f
 1771 0050 19       		.uleb128 0x19
 1772 0051 02       		.uleb128 0x2
 1773 0052 18       		.uleb128 0x18
 1774 0053 00       		.byte	0
 1775 0054 00       		.byte	0
 1776 0055 08       		.uleb128 0x8
 1777 0056 26       		.uleb128 0x26
 1778 0057 00       		.byte	0
 1779 0058 49       		.uleb128 0x49
 1780 0059 13       		.uleb128 0x13
 1781 005a 00       		.byte	0
 1782 005b 00       		.byte	0
 1783 005c 09       		.uleb128 0x9
 1784 005d 21       		.uleb128 0x21
 1785 005e 00       		.byte	0
 1786 005f 49       		.uleb128 0x49
 1787 0060 13       		.uleb128 0x13
 1788 0061 2F       		.uleb128 0x2f
 1789 0062 0B       		.uleb128 0xb
 1790 0063 00       		.byte	0
 1791 0064 00       		.byte	0
 1792 0065 0A       		.uleb128 0xa
 1793 0066 34       		.uleb128 0x34
 1794 0067 00       		.byte	0
 1795 0068 03       		.uleb128 0x3
 1796 0069 0E       		.uleb128 0xe
 1797 006a 3A       		.uleb128 0x3a
 1798 006b 0B       		.uleb128 0xb
 1799 006c 3B       		.uleb128 0x3b
 1800 006d 05       		.uleb128 0x5
 1801 006e 49       		.uleb128 0x49
 1802 006f 13       		.uleb128 0x13
 1803 0070 3F       		.uleb128 0x3f
 1804 0071 19       		.uleb128 0x19
 1805 0072 02       		.uleb128 0x2
 1806 0073 18       		.uleb128 0x18
 1807 0074 00       		.byte	0
 1808 0075 00       		.byte	0
 1809 0076 00       		.byte	0
 1810              		.section	.debug_aranges,"",%progbits
 1811 0000 14000000 		.4byte	0x14
 1812 0004 0200     		.2byte	0x2
 1813 0006 00000000 		.4byte	.Ldebug_info0
 1814 000a 04       		.byte	0x4
 1815 000b 00       		.byte	0
 1816 000c 0000     		.2byte	0
 1817 000e 0000     		.2byte	0
 1818 0010 00000000 		.4byte	0
 1819 0014 00000000 		.4byte	0
 1820              		.section	.debug_line,"",%progbits
ARM GAS  C:\Users\EDTRIC~1\AppData\Local\Temp\cczT3f3V.s 			page 33


 1821              	.Ldebug_line0:
 1822 0000 4F000000 		.section	.debug_str,"MS",%progbits,1
 1822      02004900 
 1822      00000201 
 1822      FB0E0D00 
 1822      01010101 
 1823              	.LASF19:
 1824 0000 2E5C4765 		.ascii	".\\Generated_Source\\PSoC5\\cymetadata.c\000"
 1824      6E657261 
 1824      7465645F 
 1824      536F7572 
 1824      63655C50 
 1825              	.LASF17:
 1826 0026 63795F6D 		.ascii	"cy_metadata\000"
 1826      65746164 
 1826      61746100 
 1827              	.LASF9:
 1828 0032 666C6F61 		.ascii	"float\000"
 1828      7400
 1829              	.LASF20:
 1830 0038 433A5C55 		.ascii	"C:\\Users\\edtriccorp\\Documents\\PSoC Creator\\201"
 1830      73657273 
 1830      5C656474 
 1830      72696363 
 1830      6F72705C 
 1831 0066 36313131 		.ascii	"61115_sUAS_FCS\\Design01.cydsn\000"
 1831      355F7355 
 1831      41535F46 
 1831      43535C44 
 1831      65736967 
 1832              	.LASF1:
 1833 0084 756E7369 		.ascii	"unsigned char\000"
 1833      676E6564 
 1833      20636861 
 1833      7200
 1834              	.LASF5:
 1835 0092 6C6F6E67 		.ascii	"long unsigned int\000"
 1835      20756E73 
 1835      69676E65 
 1835      6420696E 
 1835      7400
 1836              	.LASF3:
 1837 00a4 73686F72 		.ascii	"short unsigned int\000"
 1837      7420756E 
 1837      7369676E 
 1837      65642069 
 1837      6E7400
 1838              	.LASF10:
 1839 00b7 646F7562 		.ascii	"double\000"
 1839      6C6500
 1840              	.LASF14:
 1841 00be 63795F6D 		.ascii	"cy_meta_custnvl\000"
 1841      6574615F 
 1841      63757374 
 1841      6E766C00 
 1842              	.LASF13:
 1843 00ce 63795F6D 		.ascii	"cy_meta_configecc\000"
ARM GAS  C:\Users\EDTRIC~1\AppData\Local\Temp\cczT3f3V.s 			page 34


 1843      6574615F 
 1843      636F6E66 
 1843      69676563 
 1843      6300
 1844              	.LASF18:
 1845 00e0 474E5520 		.ascii	"GNU C 4.9.3 20150303 (release) [ARM/embedded-4_9-br"
 1845      4320342E 
 1845      392E3320 
 1845      32303135 
 1845      30333033 
 1846 0113 616E6368 		.ascii	"anch revision 221220] -mcpu=cortex-m3 -mthumb -g -O"
 1846      20726576 
 1846      6973696F 
 1846      6E203232 
 1846      31323230 
 1847 0146 67202D66 		.ascii	"g -ffunction-sections -ffat-lto-objects\000"
 1847      66756E63 
 1847      74696F6E 
 1847      2D736563 
 1847      74696F6E 
 1848              	.LASF8:
 1849 016e 756E7369 		.ascii	"unsigned int\000"
 1849      676E6564 
 1849      20696E74 
 1849      00
 1850              	.LASF7:
 1851 017b 6C6F6E67 		.ascii	"long long unsigned int\000"
 1851      206C6F6E 
 1851      6720756E 
 1851      7369676E 
 1851      65642069 
 1852              	.LASF16:
 1853 0192 63795F6D 		.ascii	"cy_meta_flashprotect\000"
 1853      6574615F 
 1853      666C6173 
 1853      6870726F 
 1853      74656374 
 1854              	.LASF15:
 1855 01a7 63795F6D 		.ascii	"cy_meta_wonvl\000"
 1855      6574615F 
 1855      776F6E76 
 1855      6C00
 1856              	.LASF12:
 1857 01b5 73697A65 		.ascii	"sizetype\000"
 1857      74797065 
 1857      00
 1858              	.LASF6:
 1859 01be 6C6F6E67 		.ascii	"long long int\000"
 1859      206C6F6E 
 1859      6720696E 
 1859      7400
 1860              	.LASF11:
 1861 01cc 63686172 		.ascii	"char\000"
 1861      00
 1862              	.LASF2:
 1863 01d1 73686F72 		.ascii	"short int\000"
 1863      7420696E 
ARM GAS  C:\Users\EDTRIC~1\AppData\Local\Temp\cczT3f3V.s 			page 35


 1863      7400
 1864              	.LASF21:
 1865 01db 75696E74 		.ascii	"uint8\000"
 1865      3800
 1866              	.LASF4:
 1867 01e1 6C6F6E67 		.ascii	"long int\000"
 1867      20696E74 
 1867      00
 1868              	.LASF0:
 1869 01ea 7369676E 		.ascii	"signed char\000"
 1869      65642063 
 1869      68617200 
 1870              		.ident	"GCC: (GNU Tools for ARM Embedded Processors) 4.9.3 20150303 (release) [ARM/embedded-4_9-br
